Using pre-set license
Built from '2020.3/release' branch; Version is '2020.3.15f2 (6cf78cb77498) revision 7141260'; Using compiler version '192528614'; Build Type 'Release'
OS: 'Windows 10 Home; OS build 19042.1165; Version 2009; 64bit' Language: 'en' Physical Memory: 32628 MB
BatchMode: 1, IsHumanControllingUs: 0, StartBugReporterOnCrash: 0, Is64bit: 1, IsPro: 0

 COMMAND LINE ARGUMENTS:
A:\Program Files (x86)\Unity\2020.3.15f2\Editor\Unity.exe
-adb2
-batchMode
-noUpm
-name
AssetImportWorker0
-projectPath
A:/Program Files (x86)/Unity/Repos/Laser Defender
-logFile
Logs/AssetImportWorker0.log
-srvPort
56275
Successfully changed project path to: A:/Program Files (x86)/Unity/Repos/Laser Defender
A:/Program Files (x86)/Unity/Repos/Laser Defender
Using Asset Import Pipeline V2.
Refreshing native plugins compatible for Editor in 45.19 ms, found 3 plugins.
Preloading 0 native plugins for Editor in 0.00 ms.
Initialize engine version: 2020.3.15f2 (6cf78cb77498)
[Subsystems] Discovering subsystems at path A:/Program Files (x86)/Unity/2020.3.15f2/Editor/Data/Resources/UnitySubsystems
[Subsystems] Discovering subsystems at path A:/Program Files (x86)/Unity/Repos/Laser Defender/Assets
GfxDevice: creating device client; threaded=0
Direct3D:
    Version:  Direct3D 11.0 [level 11.1]
    Renderer: NVIDIA GeForce RTX 2070 with Max-Q Design (ID=0x1f14)
    Vendor:   
    VRAM:     8031 MB
    Driver:   27.21.14.6627
Initialize mono
Mono path[0] = 'A:/Program Files (x86)/Unity/2020.3.15f2/Editor/Data/Managed'
Mono path[1] = 'A:/Program Files (x86)/Unity/2020.3.15f2/Editor/Data/MonoBleedingEdge/lib/mono/unityjit'
Mono config path = 'A:/Program Files (x86)/Unity/2020.3.15f2/Editor/Data/MonoBleedingEdge/etc'
Using monoOptions --debugger-agent=transport=dt_socket,embedding=1,server=y,suspend=n,address=127.0.0.1:56740
Begin MonoManager ReloadAssembly
Registering precompiled unity dll's ...
Register platform support module: A:/Program Files (x86)/Unity/2020.3.15f2/Editor/Data/PlaybackEngines/WindowsStandaloneSupport/UnityEditor.WindowsStandalone.Extensions.dll
Registered in 0.000953 seconds.
Native extension for WindowsStandalone target not found
Refreshing native plugins compatible for Editor in 35.10 ms, found 3 plugins.
Preloading 0 native plugins for Editor in 0.00 ms.
Mono: successfully reloaded assembly
- Completed reload, in  1.125 seconds
Domain Reload Profiling:
	ReloadAssembly (1126ms)
		BeginReloadAssembly (75ms)
			ExecutionOrderSort (0ms)
			DisableScriptedObjects (0ms)
			BackupInstance (0ms)
			ReleaseScriptingObjects (0ms)
			CreateAndSetChildDomain (1ms)
		EndReloadAssembly (362ms)
			LoadAssemblies (75ms)
			RebuildTransferFunctionScriptingTraits (0ms)
			SetupTypeCache (125ms)
			ReleaseScriptCaches (0ms)
			RebuildScriptCaches (29ms)
			SetupLoadedEditorAssemblies (146ms)
				LogAssemblyErrors (0ms)
				InitializePlatformSupportModulesInManaged (3ms)
				SetLoadedEditorAssemblies (0ms)
				RefreshPlugins (35ms)
				BeforeProcessingInitializeOnLoad (13ms)
				ProcessInitializeOnLoadAttributes (71ms)
				ProcessInitializeOnLoadMethodAttributes (24ms)
				AfterProcessingInitializeOnLoad (0ms)
				EditorAssembliesLoaded (0ms)
			ExecutionOrderSort2 (0ms)
			AwakeInstancesAfterBackupRestoration (0ms)
Platform modules already initialized, skipping
Registering precompiled user dll's ...
Registered in 0.003534 seconds.
Begin MonoManager ReloadAssembly
Native extension for WindowsStandalone target not found
Refreshing native plugins compatible for Editor in 34.96 ms, found 3 plugins.
Preloading 0 native plugins for Editor in 0.00 ms.
Mono: successfully reloaded assembly
- Completed reload, in  1.061 seconds
Domain Reload Profiling:
	ReloadAssembly (1061ms)
		BeginReloadAssembly (151ms)
			ExecutionOrderSort (0ms)
			DisableScriptedObjects (4ms)
			BackupInstance (0ms)
			ReleaseScriptingObjects (0ms)
			CreateAndSetChildDomain (16ms)
		EndReloadAssembly (861ms)
			LoadAssemblies (125ms)
			RebuildTransferFunctionScriptingTraits (0ms)
			SetupTypeCache (249ms)
			ReleaseScriptCaches (0ms)
			RebuildScriptCaches (47ms)
			SetupLoadedEditorAssemblies (369ms)
				LogAssemblyErrors (0ms)
				InitializePlatformSupportModulesInManaged (3ms)
				SetLoadedEditorAssemblies (0ms)
				RefreshPlugins (35ms)
				BeforeProcessingInitializeOnLoad (66ms)
				ProcessInitializeOnLoadAttributes (251ms)
				ProcessInitializeOnLoadMethodAttributes (12ms)
				AfterProcessingInitializeOnLoad (2ms)
				EditorAssembliesLoaded (0ms)
			ExecutionOrderSort2 (0ms)
			AwakeInstancesAfterBackupRestoration (5ms)
Platform modules already initialized, skipping
========================================================================
Worker process is ready to serve import requests
Launched and connected shader compiler UnityShaderCompiler.exe after 0.06 seconds
Refreshing native plugins compatible for Editor in 0.44 ms, found 3 plugins.
Preloading 0 native plugins for Editor in 0.00 ms.
Unloading 2091 Unused Serialized files (Serialized files now loaded: 0)
System memory in use before: 93.2 MB.
System memory in use after: 93.1 MB.

Unloading 33 unused Assets to reduce memory usage. Loaded Objects now: 2523.
Total: 2.078500 ms (FindLiveObjects: 0.177700 ms CreateObjectMapping: 0.069400 ms MarkObjects: 1.727300 ms  DeleteObjects: 0.103400 ms)

AssetImportParameters requested are different than current active one (requested -> active):
  custom:framework-win-MediaFoundation: 216162199b28c13a410421893ffa2e32 -> 
  custom:video-decoder-ogg-theora: a1e56fd34408186e4bbccfd4996cb3dc -> 
  custom:container-muxer-webm: aa71ff27fc2769a1b78a27578f13a17b -> 
  custom:container-demuxer-webm: 4f35f7cbe854078d1ac9338744f61a02 -> 
  custom:container-demuxer-ogg: 62fdf1f143b41e24485cea50d1cbac27 -> 
  custom:video-encoder-webm-vp8: eb34c28f22e8b96e1ab97ce403110664 -> 
  custom:video-decoder-webm-vp8: 9c59270c3fd7afecdb556c50c9e8de78 -> 
  custom:audio-decoder-ogg-vorbis: bf7c407c2cedff20999df2af8eb42d56 -> 
  custom:audio-encoder-webm-vorbis: bf7c407c2cedff20999df2af8eb42d56 -> 
========================================================================
Received Import Request.
  path: Assets/Space Shooter Visual Assets/Backgrounds
  artifactKey: Guid(564a246cbda048f4da9cbbb3d2841fd4) Importer(815301076,1909f56bfc062723c751e8b465ee728b)
Start importing Assets/Space Shooter Visual Assets/Backgrounds using Guid(564a246cbda048f4da9cbbb3d2841fd4) Importer(815301076,1909f56bfc062723c751e8b465ee728b)  -> (artifact id: '9105299f9d3d114fff500afa57082e00') in 0.005958 seconds 
  Import took 0.008236 seconds .

========================================================================
Received Import Request.
  Time since last request: 5.005671 seconds.
  path: Assets
  artifactKey: Guid(00000000000000001000000000000000) Importer(815301076,1909f56bfc062723c751e8b465ee728b)
Start importing Assets using Guid(00000000000000001000000000000000) Importer(815301076,1909f56bfc062723c751e8b465ee728b)  -> (artifact id: '42d402b061de3733987d63b9cc3b64de') in 0.005149 seconds 
  Import took 0.008136 seconds .

========================================================================
Received Import Request.
  Time since last request: 6.028462 seconds.
  path: Assets/Sprites
  artifactKey: Guid(487b55f065c5a594fa25555c2ad1e2ce) Importer(815301076,1909f56bfc062723c751e8b465ee728b)
Start importing Assets/Sprites using Guid(487b55f065c5a594fa25555c2ad1e2ce) Importer(815301076,1909f56bfc062723c751e8b465ee728b)  -> (artifact id: '3b0fa526b1dd1e671fb068a24ac6585b') in 0.004282 seconds 
  Import took 0.007292 seconds .

========================================================================
Received Import Request.
  Time since last request: 10.400611 seconds.
  path: Assets/Space Shooter Visual Assets/PNG/playerShip1_blue.png
  artifactKey: Guid(18b22a63abe783743a02d7563222c366) Importer(815301076,1909f56bfc062723c751e8b465ee728b)
Start importing Assets/Space Shooter Visual Assets/PNG/playerShip1_blue.png using Guid(18b22a63abe783743a02d7563222c366) Importer(815301076,1909f56bfc062723c751e8b465ee728b)  -> (artifact id: 'ee4538272b8b8dc6f1d15e15c970df9b') in 0.121320 seconds 
  Import took 0.124313 seconds .

========================================================================
Received Import Request.
  Time since last request: 0.693685 seconds.
  path: Assets/Space Shooter Visual Assets/PNG/playerShip1_green.png
  artifactKey: Guid(c09381c5ecf945f4088526c535d70812) Importer(815301076,1909f56bfc062723c751e8b465ee728b)
Start importing Assets/Space Shooter Visual Assets/PNG/playerShip1_green.png using Guid(c09381c5ecf945f4088526c535d70812) Importer(815301076,1909f56bfc062723c751e8b465ee728b)  -> (artifact id: 'cd4620a84e8b092a616f44b9f5c18f9d') in 0.015916 seconds 
  Import took 0.019730 seconds .

========================================================================
Received Import Request.
  Time since last request: 0.001294 seconds.
  path: Assets/Space Shooter Visual Assets/PNG/playerShip1_green.png
  artifactKey: Guid(c09381c5ecf945f4088526c535d70812) Importer(815301076,1909f56bfc062723c751e8b465ee728b)
Start importing Assets/Space Shooter Visual Assets/PNG/playerShip1_green.png using Guid(c09381c5ecf945f4088526c535d70812) Importer(815301076,1909f56bfc062723c751e8b465ee728b)  -> (artifact id: 'cd4620a84e8b092a616f44b9f5c18f9d') in 0.014408 seconds 
  Import took 0.018225 seconds .

========================================================================
Received Import Request.
  Time since last request: 1.423029 seconds.
  path: Assets/Space Shooter Visual Assets/PNG/playerShip1_orange.png
  artifactKey: Guid(430f04146f5556f459526b7b6a675329) Importer(815301076,1909f56bfc062723c751e8b465ee728b)
Start importing Assets/Space Shooter Visual Assets/PNG/playerShip1_orange.png using Guid(430f04146f5556f459526b7b6a675329) Importer(815301076,1909f56bfc062723c751e8b465ee728b)  -> (artifact id: 'fb2cd39870364c43c5c63bda8710c16a') in 0.012087 seconds 
  Import took 0.015618 seconds .

========================================================================
Received Import Request.
  Time since last request: 1.009315 seconds.
  path: Assets/Space Shooter Visual Assets/PNG/playerShip2_blue.png
  artifactKey: Guid(a1d1ace8c5f9fc248ae52f6d676245b9) Importer(815301076,1909f56bfc062723c751e8b465ee728b)
Start importing Assets/Space Shooter Visual Assets/PNG/playerShip2_blue.png using Guid(a1d1ace8c5f9fc248ae52f6d676245b9) Importer(815301076,1909f56bfc062723c751e8b465ee728b)  -> (artifact id: '419d536bcf34f211abfb197693ae0ba4') in 0.013723 seconds 
  Import took 0.016991 seconds .

========================================================================
Received Import Request.
  Time since last request: 16.542393 seconds.
  path: Assets/Space Shooter Visual Assets/PNG/playerShip1_red.png
  artifactKey: Guid(65cedbacebd74c44ea60fcc18c100464) Importer(815301076,1909f56bfc062723c751e8b465ee728b)
Start importing Assets/Space Shooter Visual Assets/PNG/playerShip1_red.png using Guid(65cedbacebd74c44ea60fcc18c100464) Importer(815301076,1909f56bfc062723c751e8b465ee728b)  -> (artifact id: 'a0d79c3902e589185f44d044f25a1533') in 0.014877 seconds 
  Import took 0.018976 seconds .

========================================================================
Received Import Request.
  Time since last request: 0.368405 seconds.
  path: Assets/Space Shooter Visual Assets/PNG/playerShip2_green.png
  artifactKey: Guid(de9daaa6fa70c3049959d3652e4e0ff2) Importer(815301076,1909f56bfc062723c751e8b465ee728b)
Start importing Assets/Space Shooter Visual Assets/PNG/playerShip2_green.png using Guid(de9daaa6fa70c3049959d3652e4e0ff2) Importer(815301076,1909f56bfc062723c751e8b465ee728b)  -> (artifact id: 'eca90b30471c63018c1780d4e58ee150') in 0.012745 seconds 
  Import took 0.015789 seconds .

========================================================================
Received Import Request.
  Time since last request: 0.314590 seconds.
  path: Assets/Space Shooter Visual Assets/PNG/playerShip2_orange.png
  artifactKey: Guid(17fd7af4bb022ec43b93937afad259ca) Importer(815301076,1909f56bfc062723c751e8b465ee728b)
Start importing Assets/Space Shooter Visual Assets/PNG/playerShip2_orange.png using Guid(17fd7af4bb022ec43b93937afad259ca) Importer(815301076,1909f56bfc062723c751e8b465ee728b)  -> (artifact id: '9674eea253ffa751a8257cccda972e3e') in 0.013674 seconds 
  Import took 0.016927 seconds .

========================================================================
Received Import Request.
  Time since last request: 0.283948 seconds.
  path: Assets/Space Shooter Visual Assets/PNG/playerShip2_red.png
  artifactKey: Guid(9823a1524022118499cd0c2611e41b60) Importer(815301076,1909f56bfc062723c751e8b465ee728b)
Start importing Assets/Space Shooter Visual Assets/PNG/playerShip2_red.png using Guid(9823a1524022118499cd0c2611e41b60) Importer(815301076,1909f56bfc062723c751e8b465ee728b)  -> (artifact id: '5bda58d929d0a7cd9a4de63eeb78f858') in 0.014969 seconds 
  Import took 0.018179 seconds .

========================================================================
Received Import Request.
  Time since last request: 0.303366 seconds.
  path: Assets/Space Shooter Visual Assets/PNG/playerShip3_blue.png
  artifactKey: Guid(51719a2c93889304ba3d87f37e1f3e1d) Importer(815301076,1909f56bfc062723c751e8b465ee728b)
Start importing Assets/Space Shooter Visual Assets/PNG/playerShip3_blue.png using Guid(51719a2c93889304ba3d87f37e1f3e1d) Importer(815301076,1909f56bfc062723c751e8b465ee728b)  -> (artifact id: 'ee5f1e2ea68467d34758a760b830c883') in 0.013960 seconds 
  Import took 0.017753 seconds .

========================================================================
Received Import Request.
  Time since last request: 2.235167 seconds.
  path: Assets/Space Shooter Visual Assets/PNG/playerShip3_green.png
  artifactKey: Guid(5333503def71dc2409298e89aab596c2) Importer(815301076,1909f56bfc062723c751e8b465ee728b)
Start importing Assets/Space Shooter Visual Assets/PNG/playerShip3_green.png using Guid(5333503def71dc2409298e89aab596c2) Importer(815301076,1909f56bfc062723c751e8b465ee728b)  -> (artifact id: 'dec15e91a312b6bd4f3c7cf765c3ec12') in 0.013018 seconds 
  Import took 0.016921 seconds .

========================================================================
Received Import Request.
  Time since last request: 0.209506 seconds.
  path: Assets/Space Shooter Visual Assets/PNG/playerShip3_orange.png
  artifactKey: Guid(977b79b488a8fe64e815b206c64fc6ee) Importer(815301076,1909f56bfc062723c751e8b465ee728b)
Start importing Assets/Space Shooter Visual Assets/PNG/playerShip3_orange.png using Guid(977b79b488a8fe64e815b206c64fc6ee) Importer(815301076,1909f56bfc062723c751e8b465ee728b)  -> (artifact id: '1d60bf470bdd7dfe96e87f237c3efd4f') in 0.014916 seconds 
  Import took 0.018705 seconds .

========================================================================
Received Import Request.
  Time since last request: 0.195363 seconds.
  path: Assets/Space Shooter Visual Assets/PNG/playerShip3_red.png
  artifactKey: Guid(2cc64c2b953262049b1f9e2ace9f21cd) Importer(815301076,1909f56bfc062723c751e8b465ee728b)
Start importing Assets/Space Shooter Visual Assets/PNG/playerShip3_red.png using Guid(2cc64c2b953262049b1f9e2ace9f21cd) Importer(815301076,1909f56bfc062723c751e8b465ee728b)  -> (artifact id: '28245f3ee3adf399516f3a5b2d82c58b') in 0.013968 seconds 
  Import took 0.017559 seconds .

========================================================================
Received Import Request.
  Time since last request: 1.796911 seconds.
  path: Assets/Space Shooter Visual Assets/PNG/ufoBlue.png
  artifactKey: Guid(041858a6adecf134f966019d2cacfa89) Importer(815301076,1909f56bfc062723c751e8b465ee728b)
Start importing Assets/Space Shooter Visual Assets/PNG/ufoBlue.png using Guid(041858a6adecf134f966019d2cacfa89) Importer(815301076,1909f56bfc062723c751e8b465ee728b)  -> (artifact id: 'f265fa6979a66f8c269d20d2a56117df') in 0.018469 seconds 
  Import took 0.021558 seconds .

========================================================================
Received Import Request.
  Time since last request: 1.618734 seconds.
  path: Assets/Space Shooter Visual Assets/PNG/ufoGreen.png
  artifactKey: Guid(992f5860935940a43aa18471234000b9) Importer(815301076,1909f56bfc062723c751e8b465ee728b)
Start importing Assets/Space Shooter Visual Assets/PNG/ufoGreen.png using Guid(992f5860935940a43aa18471234000b9) Importer(815301076,1909f56bfc062723c751e8b465ee728b)  -> (artifact id: '3ecf0f5fe7f218d18116c93f6e2170fe') in 0.016147 seconds 
  Import took 0.019937 seconds .

========================================================================
Received Import Request.
  Time since last request: 0.516266 seconds.
  path: Assets/Space Shooter Visual Assets/PNG/ufoRed.png
  artifactKey: Guid(38c0e0e5f355fc3468c5432c9394f9cb) Importer(815301076,1909f56bfc062723c751e8b465ee728b)
Start importing Assets/Space Shooter Visual Assets/PNG/ufoRed.png using Guid(38c0e0e5f355fc3468c5432c9394f9cb) Importer(815301076,1909f56bfc062723c751e8b465ee728b)  -> (artifact id: '36750e30095eaff4ceaf6a0145b407b3') in 0.016489 seconds 
  Import took 0.019951 seconds .

========================================================================
Received Import Request.
  Time since last request: 0.313200 seconds.
  path: Assets/Space Shooter Visual Assets/PNG/ufoYellow.png
  artifactKey: Guid(5a3fac77c2622b14da95174675cb7668) Importer(815301076,1909f56bfc062723c751e8b465ee728b)
Start importing Assets/Space Shooter Visual Assets/PNG/ufoYellow.png using Guid(5a3fac77c2622b14da95174675cb7668) Importer(815301076,1909f56bfc062723c751e8b465ee728b)  -> (artifact id: '12f6eba2331c0ae330f9b491766806c3') in 0.015569 seconds 
  Import took 0.020409 seconds .

========================================================================
Received Import Request.
  Time since last request: 0.682899 seconds.
  path: Assets/Space Shooter Visual Assets/Spritesheet
  artifactKey: Guid(066ce2e3dbcf9ad43b051f1643644448) Importer(815301076,1909f56bfc062723c751e8b465ee728b)
Start importing Assets/Space Shooter Visual Assets/Spritesheet using Guid(066ce2e3dbcf9ad43b051f1643644448) Importer(815301076,1909f56bfc062723c751e8b465ee728b)  -> (artifact id: '072130e709aa8d8246937bb1fb707ceb') in 0.005771 seconds 
  Import took 0.009498 seconds .

========================================================================
Received Import Request.
  Time since last request: 5.283527 seconds.
  path: Assets/Space Shooter Visual Assets/Spritesheet/sheet.png
  artifactKey: Guid(811147dbfadba90448fc54ab060bee82) Importer(815301076,1909f56bfc062723c751e8b465ee728b)
Start importing Assets/Space Shooter Visual Assets/Spritesheet/sheet.png using Guid(811147dbfadba90448fc54ab060bee82) Importer(815301076,1909f56bfc062723c751e8b465ee728b)  -> (artifact id: '4cf026efb20489564b20f5d0e5015f55') in 0.027976 seconds 
  Import took 0.031041 seconds .

========================================================================
Received Import Request.
  Time since last request: 22.814172 seconds.
  path: Assets/Space Shooter Visual Assets/PNG/UI
  artifactKey: Guid(e9881d24f7c74f947897f888b39377c6) Importer(815301076,1909f56bfc062723c751e8b465ee728b)
Start importing Assets/Space Shooter Visual Assets/PNG/UI using Guid(e9881d24f7c74f947897f888b39377c6) Importer(815301076,1909f56bfc062723c751e8b465ee728b)  -> (artifact id: '72d520a5536355766e88638a627953fb') in 0.005014 seconds 
  Import took 0.009969 seconds .

========================================================================
Received Import Request.
  Time since last request: 20.962289 seconds.
  path: Assets/Space Shooter Visual Assets/PNG/Enemies/enemyBlack1.png
  artifactKey: Guid(d05aa7a73d0e5e44f989d910c91214a7) Importer(815301076,1909f56bfc062723c751e8b465ee728b)
Start importing Assets/Space Shooter Visual Assets/PNG/Enemies/enemyBlack1.png using Guid(d05aa7a73d0e5e44f989d910c91214a7) Importer(815301076,1909f56bfc062723c751e8b465ee728b)  -> (artifact id: 'cd2469dc04e6596997b34f2e67b116d2') in 0.018370 seconds 
  Import took 0.021752 seconds .

========================================================================
Received Import Request.
  Time since last request: 1.396357 seconds.
  path: Assets/Space Shooter Visual Assets/PNG/Enemies/enemyBlack2.png
  artifactKey: Guid(338949ec59f3faa46af21cb9a8ea5a73) Importer(815301076,1909f56bfc062723c751e8b465ee728b)
Start importing Assets/Space Shooter Visual Assets/PNG/Enemies/enemyBlack2.png using Guid(338949ec59f3faa46af21cb9a8ea5a73) Importer(815301076,1909f56bfc062723c751e8b465ee728b)  -> (artifact id: 'e4d3170c3ef3c90bd42725e40aa511a5') in 0.019834 seconds 
  Import took 0.023716 seconds .

========================================================================
Received Import Request.
  Time since last request: 0.340304 seconds.
  path: Assets/Space Shooter Visual Assets/PNG/Enemies/enemyBlack3.png
  artifactKey: Guid(03c8620a108391942a7b95c47a133464) Importer(815301076,1909f56bfc062723c751e8b465ee728b)
Start importing Assets/Space Shooter Visual Assets/PNG/Enemies/enemyBlack3.png using Guid(03c8620a108391942a7b95c47a133464) Importer(815301076,1909f56bfc062723c751e8b465ee728b)  -> (artifact id: '1c0fc04f38d108c9ae026e29908cf17c') in 0.013257 seconds 
  Import took 0.016485 seconds .

========================================================================
Received Import Request.
  Time since last request: 0.234605 seconds.
  path: Assets/Space Shooter Visual Assets/PNG/Enemies/enemyBlack4.png
  artifactKey: Guid(5b77aa0b822b7f742ac5c906a5d7aefc) Importer(815301076,1909f56bfc062723c751e8b465ee728b)
Start importing Assets/Space Shooter Visual Assets/PNG/Enemies/enemyBlack4.png using Guid(5b77aa0b822b7f742ac5c906a5d7aefc) Importer(815301076,1909f56bfc062723c751e8b465ee728b)  -> (artifact id: '5c1c03bece013ae81c832587008a7da3') in 0.013813 seconds 
  Import took 0.017811 seconds .

========================================================================
Received Import Request.
  Time since last request: 0.364514 seconds.
  path: Assets/Space Shooter Visual Assets/PNG/Enemies/enemyBlack5.png
  artifactKey: Guid(7dda55f506148ea46a4be29651f22220) Importer(815301076,1909f56bfc062723c751e8b465ee728b)
Start importing Assets/Space Shooter Visual Assets/PNG/Enemies/enemyBlack5.png using Guid(7dda55f506148ea46a4be29651f22220) Importer(815301076,1909f56bfc062723c751e8b465ee728b)  -> (artifact id: '2de646a2466503ba144c88cfe8fb6830') in 0.014005 seconds 
  Import took 0.017350 seconds .

========================================================================
Received Import Request.
  Time since last request: 1.809747 seconds.
  path: Assets/Space Shooter Visual Assets/PNG/Enemies/enemyBlue1.png
  artifactKey: Guid(db7f0c64f5f223a45bdbe1a07c87bc5c) Importer(815301076,1909f56bfc062723c751e8b465ee728b)
Start importing Assets/Space Shooter Visual Assets/PNG/Enemies/enemyBlue1.png using Guid(db7f0c64f5f223a45bdbe1a07c87bc5c) Importer(815301076,1909f56bfc062723c751e8b465ee728b)  -> (artifact id: '788e3e51a08656db8209ea1a6b87ec5f') in 0.013554 seconds 
  Import took 0.017080 seconds .

========================================================================
Received Import Request.
  Time since last request: 0.257935 seconds.
  path: Assets/Space Shooter Visual Assets/PNG/Enemies/enemyBlue2.png
  artifactKey: Guid(eda4e8701f7640546a7c2d703b0c0c64) Importer(815301076,1909f56bfc062723c751e8b465ee728b)
Start importing Assets/Space Shooter Visual Assets/PNG/Enemies/enemyBlue2.png using Guid(eda4e8701f7640546a7c2d703b0c0c64) Importer(815301076,1909f56bfc062723c751e8b465ee728b)  -> (artifact id: 'f179d7b8bf076a201c9470cc3c5e7870') in 0.015302 seconds 
  Import took 0.018966 seconds .

========================================================================
Received Import Request.
  Time since last request: 1.455950 seconds.
  path: Assets/Space Shooter Visual Assets/PNG/Enemies/enemyBlue3.png
  artifactKey: Guid(f85eb44cb4ec0b043a95c578a3f78ccf) Importer(815301076,1909f56bfc062723c751e8b465ee728b)
Start importing Assets/Space Shooter Visual Assets/PNG/Enemies/enemyBlue3.png using Guid(f85eb44cb4ec0b043a95c578a3f78ccf) Importer(815301076,1909f56bfc062723c751e8b465ee728b)  -> (artifact id: '60835f1d81f9f750b3ef6cde1d03d3e5') in 0.014229 seconds 
  Import took 0.018038 seconds .

========================================================================
Received Import Request.
  Time since last request: 0.406962 seconds.
  path: Assets/Space Shooter Visual Assets/PNG/Enemies/enemyBlue4.png
  artifactKey: Guid(6219aec75d1556f43bdc56a9bb2673e3) Importer(815301076,1909f56bfc062723c751e8b465ee728b)
Start importing Assets/Space Shooter Visual Assets/PNG/Enemies/enemyBlue4.png using Guid(6219aec75d1556f43bdc56a9bb2673e3) Importer(815301076,1909f56bfc062723c751e8b465ee728b)  -> (artifact id: '5f70e76c385f1968adfe14d2f3f586aa') in 0.014114 seconds 
  Import took 0.017362 seconds .

